<?xml version="1.0" encoding="UTF-8"?>
<testng-results skipped="0" failed="0" ignored="0" total="1" passed="1">
  <reporter-output>
  </reporter-output>
  <suite name="Default suite" duration-ms="13741" started-at="2021-06-07T21:02:21 IST" finished-at="2021-06-07T21:02:35 IST">
    <groups>
      <group name="cucumber">
        <method signature="RunParallel.runScenario(io.cucumber.testng.PickleWrapper, io.cucumber.testng.FeatureWrapper)[pri:0, instance:com.testng.myrunner.RunParallel@6ad82709]" name="runScenario" class="com.testng.myrunner.RunParallel"/>
      </group> <!-- cucumber -->
    </groups>
    <test name="Default test" duration-ms="13741" started-at="2021-06-07T21:02:21 IST" finished-at="2021-06-07T21:02:35 IST">
      <class name="com.testng.myrunner.RunParallel">
        <test-method status="PASS" signature="intSetup()[pri:0, instance:com.testng.myrunner.RunParallel@6ad82709]" name="intSetup" is-config="true" duration-ms="287" started-at="2021-06-07T21:02:21 IST" finished-at="2021-06-07T21:02:21 IST">
          <reporter-output>
          </reporter-output>
        </test-method> <!-- intSetup -->
        <test-method status="PASS" signature="setUpClass()[pri:0, instance:com.testng.myrunner.RunParallel@6ad82709]" name="setUpClass" is-config="true" duration-ms="588" started-at="2021-06-07T21:02:21 IST" finished-at="2021-06-07T21:02:22 IST">
          <reporter-output>
          </reporter-output>
        </test-method> <!-- setUpClass -->
        <test-method status="PASS" signature="runScenario(io.cucumber.testng.PickleWrapper, io.cucumber.testng.FeatureWrapper)[pri:0, instance:com.testng.myrunner.RunParallel@6ad82709]" name="runScenario" duration-ms="13017" started-at="2021-06-07T21:02:22 IST" description="Runs Cucumber Scenarios" data-provider="scenarios" finished-at="2021-06-07T21:02:35 IST">
          <params>
            <param index="0">
              <value>
                <![CDATA["validate the login with invalid crentails"]]>
              </value>
            </param>
            <param index="1">
              <value>
                <![CDATA["Optional[verify the application login functionality]"]]>
              </value>
            </param>
          </params>
          <reporter-output>
          </reporter-output>
        </test-method> <!-- runScenario -->
        <test-method status="PASS" signature="tearDownClass()[pri:0, instance:com.testng.myrunner.RunParallel@6ad82709]" name="tearDownClass" is-config="true" duration-ms="52" started-at="2021-06-07T21:02:35 IST" finished-at="2021-06-07T21:02:35 IST">
          <reporter-output>
          </reporter-output>
        </test-method> <!-- tearDownClass -->
        <test-method status="PASS" signature="tearDown()[pri:0, instance:com.testng.myrunner.RunParallel@6ad82709]" name="tearDown" is-config="true" duration-ms="849" started-at="2021-06-07T21:02:35 IST" finished-at="2021-06-07T21:02:36 IST">
          <reporter-output>
          </reporter-output>
        </test-method> <!-- tearDown -->
      </class> <!-- com.testng.myrunner.RunParallel -->
    </test> <!-- Default test -->
  </suite> <!-- Default suite -->
</testng-results>
